<?xml version="1.0" encoding="UTF-8"?>
<!-- Generated by org.testng.reporters.JUnitXMLReporter -->
<testsuite hostname="E0398454" ignored="0" name="Random Test" tests="2" failures="2" timestamp="03 May 2019 12:50:53 GMT" time="24.023" errors="0">
  <testcase name="main" time="2.048" classname="testCases.Framework_001">
    <failure type="java.io.FileNotFoundException" message="\\src\test\java\testData\TestData.xlsx (The network path was not found)">
      <![CDATA[java.io.FileNotFoundException: \\src\test\java\testData\TestData.xlsx (The network path was not found)
at java.io.FileOutputStream.open0(Native Method)
at java.io.FileOutputStream.open(Unknown Source)
at java.io.FileOutputStream.<init>(Unknown Source)
at java.io.FileOutputStream.<init>(Unknown Source)
at utility.ExcelUtils.setCellData(ExcelUtils.java:58)
at testCases.Framework_001.main(Framework_001.java:122)
... Removed 25 stack frames]]>
    </failure>
  </testcase> <!-- main -->
  <testcase name="f" time="0.903" classname="testCases.Framework_002">
    <failure type="java.io.FileNotFoundException" message="\\src\test\java\testData\TestData.xlsx (The network path was not found)">
      <![CDATA[java.io.FileNotFoundException: \\src\test\java\testData\TestData.xlsx (The network path was not found)
at java.io.FileOutputStream.open0(Native Method)
at java.io.FileOutputStream.open(Unknown Source)
at java.io.FileOutputStream.<init>(Unknown Source)
at java.io.FileOutputStream.<init>(Unknown Source)
at utility.ExcelUtils.setCellData(ExcelUtils.java:58)
at testCases.Framework_002.f(Framework_002.java:54)
... Removed 25 stack frames]]>
    </failure>
  </testcase> <!-- f -->
</testsuite> <!-- Random Test -->
