<?xml version="1.0" encoding="UTF-8"?>
<testng-results skipped="0" failed="0" ignored="0" total="1" passed="1">
  <reporter-output>
    <line>
      <![CDATA[SignIn Action is successfully perfomred]]>
    </line>
  </reporter-output>
  <suite name="Default suite" duration-ms="11722" started-at="2019-05-03T09:37:18Z" finished-at="2019-05-03T09:37:30Z">
    <groups>
    </groups>
    <test name="Default test" duration-ms="11722" started-at="2019-05-03T09:37:18Z" finished-at="2019-05-03T09:37:30Z">
      <class name="testCases.Framework_002">
        <test-method status="PASS" signature="beforeMethod()[pri:0, instance:testCases.Framework_002@5c3bd550]" name="beforeMethod" is-config="true" duration-ms="8476" started-at="2019-05-03T09:37:18Z" finished-at="2019-05-03T09:37:27Z">
          <reporter-output>
          </reporter-output>
        </test-method> <!-- beforeMethod -->
        <test-method status="PASS" signature="f()[pri:0, instance:testCases.Framework_002@5c3bd550]" name="f" duration-ms="877" started-at="2019-05-03T09:37:27Z" finished-at="2019-05-03T09:37:27Z">
          <reporter-output>
            <line>
              <![CDATA[SignIn Action is successfully perfomred]]>
            </line>
          </reporter-output>
        </test-method> <!-- f -->
        <test-method status="PASS" signature="afterMethod()[pri:0, instance:testCases.Framework_002@5c3bd550]" name="afterMethod" is-config="true" duration-ms="2327" started-at="2019-05-03T09:37:27Z" finished-at="2019-05-03T09:37:30Z">
          <reporter-output>
          </reporter-output>
        </test-method> <!-- afterMethod -->
      </class> <!-- testCases.Framework_002 -->
    </test> <!-- Default test -->
  </suite> <!-- Default suite -->
</testng-results>
