<?xml version="1.0" encoding="UTF-8"?>
<testng-results skipped="0" failed="0" ignored="0" total="2" passed="2">
  <reporter-output>
    <line>
      <![CDATA[SignIn Action is successfully perfomred]]>
    </line>
    <line>
      <![CDATA[SignIn Action is successfully perfomred]]>
    </line>
  </reporter-output>
  <suite name="Suite" duration-ms="19358" started-at="2019-05-01T05:56:23Z" finished-at="2019-05-01T05:56:42Z">
    <groups>
    </groups>
    <test name="Random Test" duration-ms="19358" started-at="2019-05-01T05:56:23Z" finished-at="2019-05-01T05:56:42Z">
      <class name="testCases.Framework_002">
        <test-method status="PASS" signature="beforeMethod()[pri:0, instance:testCases.Framework_002@604ed9f0]" name="beforeMethod" is-config="true" duration-ms="6029" started-at="2019-05-01T05:56:35Z" finished-at="2019-05-01T05:56:41Z">
          <reporter-output>
          </reporter-output>
        </test-method> <!-- beforeMethod -->
        <test-method status="PASS" signature="f()[pri:0, instance:testCases.Framework_002@604ed9f0]" name="f" duration-ms="999" started-at="2019-05-01T05:56:41Z" finished-at="2019-05-01T05:56:42Z">
          <reporter-output>
            <line>
              <![CDATA[SignIn Action is successfully perfomred]]>
            </line>
          </reporter-output>
        </test-method> <!-- f -->
        <test-method status="PASS" signature="afterMethod()[pri:0, instance:testCases.Framework_002@604ed9f0]" name="afterMethod" is-config="true" duration-ms="168" started-at="2019-05-01T05:56:42Z" finished-at="2019-05-01T05:56:42Z">
          <reporter-output>
          </reporter-output>
        </test-method> <!-- afterMethod -->
      </class> <!-- testCases.Framework_002 -->
      <class name="testCases.Framework_001">
        <test-method status="PASS" signature="beforeMethod()[pri:0, instance:testCases.Framework_001@91161c7]" name="beforeMethod" is-config="true" duration-ms="8749" started-at="2019-05-01T05:56:23Z" finished-at="2019-05-01T05:56:32Z">
          <reporter-output>
          </reporter-output>
        </test-method> <!-- beforeMethod -->
        <test-method status="PASS" signature="main()[pri:0, instance:testCases.Framework_001@91161c7]" name="main" duration-ms="1194" started-at="2019-05-01T05:56:32Z" finished-at="2019-05-01T05:56:33Z">
          <reporter-output>
            <line>
              <![CDATA[SignIn Action is successfully perfomred]]>
            </line>
          </reporter-output>
        </test-method> <!-- main -->
        <test-method status="PASS" signature="afterMethod()[pri:0, instance:testCases.Framework_001@91161c7]" name="afterMethod" is-config="true" duration-ms="2176" started-at="2019-05-01T05:56:33Z" finished-at="2019-05-01T05:56:35Z">
          <reporter-output>
          </reporter-output>
        </test-method> <!-- afterMethod -->
      </class> <!-- testCases.Framework_001 -->
    </test> <!-- Random Test -->
  </suite> <!-- Suite -->
</testng-results>
